#
# A fatal error has been detected by the Java Runtime Environment:
#
#  Internal Error (javaClasses.cpp:136), pid=9618, tid=140604045817600
#  fatal error: Invalid layout of preloaded class
#
# JRE version:  (7.0_45-b18) (build )
# Java VM: Java HotSpot(TM) 64-Bit Server VM (24.45-b08 mixed mode linux-amd64 compressed oops)
# Failed to write core dump. Core dumps have been disabled. To enable core dumping, try "ulimit -c unlimited" before starting Java again
#
# If you would like to submit a bug report, please visit:
#   http://bugreport.sun.com/bugreport/crash.jsp
#

---------------  T H R E A D  ---------------

Current thread (0x00007fe0e8009800):  JavaThread "Unknown thread" [_thread_in_vm, id=9619, stack(0x00007fe0ee247000,0x00007fe0ee348000)]

Stack: [0x00007fe0ee247000,0x00007fe0ee348000],  sp=0x00007fe0ee3467c0,  free space=1021k
Native frames: (J=compiled Java code, j=interpreted, Vv=VM code, C=native code)
V  [libjvm.so+0x992c8a]  VMError::report_and_die()+0x2ea
V  [libjvm.so+0x493559]  report_fatal(char const*, int, char const*)+0x59
V  [libjvm.so+0x5fdd00]  compute_offset(int&, klassOopDesc*, Symbol*, Symbol*, bool)+0x140
V  [libjvm.so+0x5fe819]  java_lang_String::compute_offsets()+0x39
V  [libjvm.so+0x918f55]  SystemDictionary::initialize_preloaded_classes(Thread*)+0x1a5
V  [libjvm.so+0x967c94]  Universe::genesis(Thread*)+0x494
V  [libjvm.so+0x968149]  universe2_init()+0x29
V  [libjvm.so+0x5a969d]  init_globals()+0xbd
V  [libjvm.so+0x94ed1d]  Threads::create_vm(JavaVMInitArgs*, bool*)+0x1ed
V  [libjvm.so+0x630804]  JNI_CreateJavaVM+0x74
C  [libjli.so+0x2f8e]  JavaMain+0x9e


---------------  P R O C E S S  ---------------

Java Threads: ( => current thread )

Other Threads:

=>0x00007fe0e8009800 (exited) JavaThread "Unknown thread" [_thread_in_vm, id=9619, stack(0x00007fe0ee247000,0x00007fe0ee348000)]

VM state:not at safepoint (not fully initialized)

VM Mutex/Monitor currently owned by a thread: None

GC Heap History (0 events):
No events

Deoptimization events (0 events):
No events

Internal exceptions (0 events):
No events

Events (10 events):
Event: 0.004 loading class 0x00007fe0ec10a6f0 done
Event: 0.004 loading class 0x00007fe0ec10a110 done
Event: 0.004 loading class 0x00007fe0ec10a0f0
Event: 0.004 loading class 0x00007fe0ec1121f0
Event: 0.004 loading class 0x00007fe0ec1121f0 done
Event: 0.004 loading class 0x00007fe0ec112220
Event: 0.004 loading class 0x00007fe0ec112220 done
Event: 0.004 loading class 0x00007fe0ec112250
Event: 0.004 loading class 0x00007fe0ec112250 done
Event: 0.005 loading class 0x00007fe0ec10a0f0 done


Dynamic libraries:
00400000-00401000 r-xp 00000000 08:02 313256                             /usr/lib/jvm/java-7-oracle/bin/java
00600000-00601000 rw-p 00000000 08:02 313256                             /usr/lib/jvm/java-7-oracle/bin/java
01771000-01792000 rw-p 00000000 00:00 0                                  [heap]
703600000-704b00000 rw-p 00000000 00:00 0 
704b00000-708800000 rw-p 00000000 00:00 0 
708800000-712d00000 rw-p 00000000 00:00 0 
712d00000-7ad800000 rw-p 00000000 00:00 0 
7ad800000-7b2a80000 rw-p 00000000 00:00 0 
7b2a80000-800000000 rw-p 00000000 00:00 0 
7fe0bc1b0000-7fe0c4000000 rw-p 00000000 00:00 0 
7fe0c4000000-7fe0c4021000 rw-p 00000000 00:00 0 
7fe0c4021000-7fe0c8000000 ---p 00000000 00:00 0 
7fe0cc000000-7fe0cc021000 rw-p 00000000 00:00 0 
7fe0cc021000-7fe0d0000000 ---p 00000000 00:00 0 
7fe0d4000000-7fe0d4021000 rw-p 00000000 00:00 0 
7fe0d4021000-7fe0d8000000 ---p 00000000 00:00 0 
7fe0dc000000-7fe0dc021000 rw-p 00000000 00:00 0 
7fe0dc021000-7fe0e0000000 ---p 00000000 00:00 0 
7fe0e2719000-7fe0e2987000 rw-p 00000000 00:00 0 
7fe0e2987000-7fe0e2a5e000 r--s 013f2000 08:03 28970242                   /home/hack/my_zone/app/adt-bundle-linux-x86_64-20130717/sdk/platforms/android-19/android.jar
7fe0e2a5e000-7fe0e3243000 rw-p 00000000 00:00 0 
7fe0e3243000-7fe0e3244000 ---p 00000000 00:00 0 
7fe0e3244000-7fe0e3344000 rw-p 00000000 00:00 0                          [stack:9623]
7fe0e3344000-7fe0e3345000 ---p 00000000 00:00 0 
7fe0e3345000-7fe0e3445000 rw-p 00000000 00:00 0                          [stack:9622]
7fe0e3445000-7fe0e3446000 ---p 00000000 00:00 0 
7fe0e3446000-7fe0e3546000 rw-p 00000000 00:00 0                          [stack:9621]
7fe0e3546000-7fe0e3547000 ---p 00000000 00:00 0 
7fe0e3547000-7fe0e3652000 rw-p 00000000 00:00 0                          [stack:9620]
7fe0e3652000-7fe0e3670000 rw-p 00000000 00:00 0 
7fe0e3670000-7fe0e36c3000 rw-p 00000000 00:00 0 
7fe0e36c3000-7fe0e3b98000 rw-p 00000000 00:00 0 
7fe0e3b98000-7fe0e3ba3000 rw-p 00000000 00:00 0 
7fe0e3ba3000-7fe0e3bc1000 rw-p 00000000 00:00 0 
7fe0e3bc1000-7fe0e3c14000 rw-p 00000000 00:00 0 
7fe0e3c14000-7fe0e40e9000 rw-p 00000000 00:00 0 
7fe0e40e9000-7fe0e4113000 rw-p 00000000 00:00 0 
7fe0e4113000-7fe0e437d000 rw-p 00000000 00:00 0 
7fe0e437d000-7fe0e437e000 rw-p 00000000 00:00 0 
7fe0e437e000-7fe0e45ee000 rwxp 00000000 00:00 0 
7fe0e45ee000-7fe0e737e000 rw-p 00000000 00:00 0 
7fe0e737e000-7fe0e7398000 r-xp 00000000 08:02 313090                     /usr/lib/jvm/java-7-oracle/jre/lib/amd64/libzip.so
7fe0e7398000-7fe0e7598000 ---p 0001a000 08:02 313090                     /usr/lib/jvm/java-7-oracle/jre/lib/amd64/libzip.so
7fe0e7598000-7fe0e7599000 rw-p 0001a000 08:02 313090                     /usr/lib/jvm/java-7-oracle/jre/lib/amd64/libzip.so
7fe0e7599000-7fe0e75a5000 r-xp 00000000 08:02 785303                     /lib/x86_64-linux-gnu/libnss_files-2.15.so
7fe0e75a5000-7fe0e77a4000 ---p 0000c000 08:02 785303                     /lib/x86_64-linux-gnu/libnss_files-2.15.so
7fe0e77a4000-7fe0e77a5000 r--p 0000b000 08:02 785303                     /lib/x86_64-linux-gnu/libnss_files-2.15.so
7fe0e77a5000-7fe0e77a6000 rw-p 0000c000 08:02 785303                     /lib/x86_64-linux-gnu/libnss_files-2.15.so
7fe0e77a6000-7fe0e77b0000 r-xp 00000000 08:02 785308                     /lib/x86_64-linux-gnu/libnss_nis-2.15.so
7fe0e77b0000-7fe0e79b0000 ---p 0000a000 08:02 785308                     /lib/x86_64-linux-gnu/libnss_nis-2.15.so
7fe0e79b0000-7fe0e79b1000 r--p 0000a000 08:02 785308                     /lib/x86_64-linux-gnu/libnss_nis-2.15.so
7fe0e79b1000-7fe0e79b2000 rw-p 0000b000 08:02 785308                     /lib/x86_64-linux-gnu/libnss_nis-2.15.so
7fe0e79b2000-7fe0e79c9000 r-xp 00000000 08:02 785335                     /lib/x86_64-linux-gnu/libnsl-2.15.so
7fe0e79c9000-7fe0e7bc8000 ---p 00017000 08:02 785335                     /lib/x86_64-linux-gnu/libnsl-2.15.so
7fe0e7bc8000-7fe0e7bc9000 r--p 00016000 08:02 785335                     /lib/x86_64-linux-gnu/libnsl-2.15.so
7fe0e7bc9000-7fe0e7bca000 rw-p 00017000 08:02 785335                     /lib/x86_64-linux-gnu/libnsl-2.15.so
7fe0e7bca000-7fe0e7bcc000 rw-p 00000000 00:00 0 
7fe0e7bcc000-7fe0e7bd4000 r-xp 00000000 08:02 785301                     /lib/x86_64-linux-gnu/libnss_compat-2.15.so
7fe0e7bd4000-7fe0e7dd3000 ---p 00008000 08:02 785301                     /lib/x86_64-linux-gnu/libnss_compat-2.15.so
7fe0e7dd3000-7fe0e7dd4000 r--p 00007000 08:02 785301                     /lib/x86_64-linux-gnu/libnss_compat-2.15.so
7fe0e7dd4000-7fe0e7dd5000 rw-p 00008000 08:02 785301                     /lib/x86_64-linux-gnu/libnss_compat-2.15.so
7fe0e7dd5000-7fe0e7dfe000 r-xp 00000000 08:02 313082                     /usr/lib/jvm/java-7-oracle/jre/lib/amd64/libjava.so
7fe0e7dfe000-7fe0e7ffe000 ---p 00029000 08:02 313082                     /usr/lib/jvm/java-7-oracle/jre/lib/amd64/libjava.so
7fe0e7ffe000-7fe0e8000000 rw-p 00029000 08:02 313082                     /usr/lib/jvm/java-7-oracle/jre/lib/amd64/libjava.so
7fe0e8000000-7fe0e8055000 rw-p 00000000 00:00 0 
7fe0e8055000-7fe0ec000000 ---p 00000000 00:00 0 
7fe0ec094000-7fe0ec1dc000 rw-p 00000000 00:00 0 
7fe0ec1dc000-7fe0ec1e9000 r-xp 00000000 08:02 313066                     /usr/lib/jvm/java-7-oracle/jre/lib/amd64/libverify.so
7fe0ec1e9000-7fe0ec3e8000 ---p 0000d000 08:02 313066                     /usr/lib/jvm/java-7-oracle/jre/lib/amd64/libverify.so
7fe0ec3e8000-7fe0ec3ea000 rw-p 0000c000 08:02 313066                     /usr/lib/jvm/java-7-oracle/jre/lib/amd64/libverify.so
7fe0ec3ea000-7fe0ec3f1000 r-xp 00000000 08:02 785307                     /lib/x86_64-linux-gnu/librt-2.15.so
7fe0ec3f1000-7fe0ec5f0000 ---p 00007000 08:02 785307                     /lib/x86_64-linux-gnu/librt-2.15.so
7fe0ec5f0000-7fe0ec5f1000 r--p 00006000 08:02 785307                     /lib/x86_64-linux-gnu/librt-2.15.so
7fe0ec5f1000-7fe0ec5f2000 rw-p 00007000 08:02 785307                     /lib/x86_64-linux-gnu/librt-2.15.so
7fe0ec5f2000-7fe0ec6ed000 r-xp 00000000 08:02 785313                     /lib/x86_64-linux-gnu/libm-2.15.so
7fe0ec6ed000-7fe0ec8ec000 ---p 000fb000 08:02 785313                     /lib/x86_64-linux-gnu/libm-2.15.so
7fe0ec8ec000-7fe0ec8ed000 r--p 000fa000 08:02 785313                     /lib/x86_64-linux-gnu/libm-2.15.so
7fe0ec8ed000-7fe0ec8ee000 rw-p 000fb000 08:02 785313                     /lib/x86_64-linux-gnu/libm-2.15.so
7fe0ec8ee000-7fe0ed450000 r-xp 00000000 08:02 313067                     /usr/lib/jvm/java-7-oracle/jre/lib/amd64/server/libjvm.so
7fe0ed450000-7fe0ed650000 ---p 00b62000 08:02 313067                     /usr/lib/jvm/java-7-oracle/jre/lib/amd64/server/libjvm.so
7fe0ed650000-7fe0ed713000 rw-p 00b62000 08:02 313067                     /usr/lib/jvm/java-7-oracle/jre/lib/amd64/server/libjvm.so
7fe0ed713000-7fe0ed754000 rw-p 00000000 00:00 0 
7fe0ed754000-7fe0ed909000 r-xp 00000000 08:02 785299                     /lib/x86_64-linux-gnu/libc-2.15.so
7fe0ed909000-7fe0edb09000 ---p 001b5000 08:02 785299                     /lib/x86_64-linux-gnu/libc-2.15.so
7fe0edb09000-7fe0edb0d000 r--p 001b5000 08:02 785299                     /lib/x86_64-linux-gnu/libc-2.15.so
7fe0edb0d000-7fe0edb0f000 rw-p 001b9000 08:02 785299                     /lib/x86_64-linux-gnu/libc-2.15.so
7fe0edb0f000-7fe0edb14000 rw-p 00000000 00:00 0 
7fe0edb14000-7fe0edb16000 r-xp 00000000 08:02 785326                     /lib/x86_64-linux-gnu/libdl-2.15.so
7fe0edb16000-7fe0edd16000 ---p 00002000 08:02 785326                     /lib/x86_64-linux-gnu/libdl-2.15.so
7fe0edd16000-7fe0edd17000 r--p 00002000 08:02 785326                     /lib/x86_64-linux-gnu/libdl-2.15.so
7fe0edd17000-7fe0edd18000 rw-p 00003000 08:02 785326                     /lib/x86_64-linux-gnu/libdl-2.15.so
7fe0edd18000-7fe0edd2e000 r-xp 00000000 08:02 697190                     /usr/lib/jvm/java-7-oracle/lib/amd64/jli/libjli.so
7fe0edd2e000-7fe0edf2e000 ---p 00016000 08:02 697190                     /usr/lib/jvm/java-7-oracle/lib/amd64/jli/libjli.so
7fe0edf2e000-7fe0edf2f000 rw-p 00016000 08:02 697190                     /usr/lib/jvm/java-7-oracle/lib/amd64/jli/libjli.so
7fe0edf2f000-7fe0edf47000 r-xp 00000000 08:02 785310                     /lib/x86_64-linux-gnu/libpthread-2.15.so
7fe0edf47000-7fe0ee146000 ---p 00018000 08:02 785310                     /lib/x86_64-linux-gnu/libpthread-2.15.so
7fe0ee146000-7fe0ee147000 r--p 00017000 08:02 785310                     /lib/x86_64-linux-gnu/libpthread-2.15.so
7fe0ee147000-7fe0ee148000 rw-p 00018000 08:02 785310                     /lib/x86_64-linux-gnu/libpthread-2.15.so
7fe0ee148000-7fe0ee14c000 rw-p 00000000 00:00 0 
7fe0ee14c000-7fe0ee16e000 r-xp 00000000 08:02 785318                     /lib/x86_64-linux-gnu/ld-2.15.so
7fe0ee187000-7fe0ee191000 rw-p 00000000 00:00 0 
7fe0ee191000-7fe0ee247000 rw-p 00000000 00:00 0 
7fe0ee247000-7fe0ee24a000 ---p 00000000 00:00 0 
7fe0ee24a000-7fe0ee34c000 rw-p 00000000 00:00 0                          [stack:9619]
7fe0ee362000-7fe0ee36a000 rw-s 00000000 08:02 400312                     /tmp/hsperfdata_hack/9618
7fe0ee36a000-7fe0ee36b000 rw-p 00000000 00:00 0 
7fe0ee36b000-7fe0ee36c000 r--p 00000000 00:00 0 
7fe0ee36c000-7fe0ee36e000 rw-p 00000000 00:00 0 
7fe0ee36e000-7fe0ee36f000 r--p 00022000 08:02 785318                     /lib/x86_64-linux-gnu/ld-2.15.so
7fe0ee36f000-7fe0ee371000 rw-p 00023000 08:02 785318                     /lib/x86_64-linux-gnu/ld-2.15.so
7fff752ea000-7fff7530b000 rw-p 00000000 00:00 0                          [stack]
7fff7531a000-7fff7531b000 r-xp 00000000 00:00 0                          [vdso]
ffffffffff600000-ffffffffff601000 r-xp 00000000 00:00 0                  [vsyscall]

VM Arguments:
jvm_args: -Dfile.encoding=UTF-8 -Xbootclasspath:/home/hack/my_zone/app/adt-bundle-linux-x86_64-20130717/sdk/platforms/android-19/android.jar 
java_command: br.ufc.mpos.net.service.DefaultServiceController
Launcher Type: SUN_STANDARD

Environment Variables:
PATH=/usr/lib/lightdm/lightdm:/usr/local/sbin:/usr/local/bin:/usr/sbin:/usr/bin:/sbin:/bin:/usr/games
SHELL=/bin/bash
DISPLAY=:0.0

Signal Handlers:
SIGSEGV: [libjvm.so+0x9935b0], sa_mask[0]=0x7ffbfeff, sa_flags=0x10000004
SIGBUS: [libjvm.so+0x9935b0], sa_mask[0]=0x7ffbfeff, sa_flags=0x10000004
SIGFPE: [libjvm.so+0x810330], sa_mask[0]=0x7ffbfeff, sa_flags=0x10000004
SIGPIPE: [libjvm.so+0x810330], sa_mask[0]=0x7ffbfeff, sa_flags=0x10000004
SIGXFSZ: [libjvm.so+0x810330], sa_mask[0]=0x7ffbfeff, sa_flags=0x10000004
SIGILL: [libjvm.so+0x810330], sa_mask[0]=0x7ffbfeff, sa_flags=0x10000004
SIGUSR1: SIG_DFL, sa_mask[0]=0x00000000, sa_flags=0x00000000
SIGUSR2: [libjvm.so+0x811820], sa_mask[0]=0x00000004, sa_flags=0x10000004
SIGHUP: SIG_DFL, sa_mask[0]=0x00000000, sa_flags=0x00000000
SIGINT: SIG_DFL, sa_mask[0]=0x00000000, sa_flags=0x00000000
SIGTERM: SIG_DFL, sa_mask[0]=0x00000000, sa_flags=0x00000000
SIGQUIT: SIG_DFL, sa_mask[0]=0x00000000, sa_flags=0x00000000


---------------  S Y S T E M  ---------------

OS:wheezy/sid

uname:Linux 3.5.0-44-generic #67~precise1-Ubuntu SMP Wed Nov 13 16:16:57 UTC 2013 x86_64
libc:glibc 2.15 NPTL 2.15 
rlimit: STACK 8192k, CORE 0k, NPROC 126491, NOFILE 4096, AS infinity
load average:0.36 0.61 0.76

/proc/meminfo:
MemTotal:       16216028 kB
MemFree:         7415320 kB
Buffers:          421820 kB
Cached:          3677296 kB
SwapCached:            0 kB
Active:          5931804 kB
Inactive:        2338680 kB
Active(anon):    4171900 kB
Inactive(anon):    20436 kB
Active(file):    1759904 kB
Inactive(file):  2318244 kB
Unevictable:          84 kB
Mlocked:              84 kB
SwapTotal:       3145724 kB
SwapFree:        3145724 kB
Dirty:              3028 kB
Writeback:             8 kB
AnonPages:       4171692 kB
Mapped:           302264 kB
Shmem:             20980 kB
Slab:             275712 kB
SReclaimable:     235748 kB
SUnreclaim:        39964 kB
KernelStack:        4936 kB
PageTables:        50072 kB
NFS_Unstable:          0 kB
Bounce:                0 kB
WritebackTmp:          0 kB
CommitLimit:    11253736 kB
Committed_AS:    8740340 kB
VmallocTotal:   34359738367 kB
VmallocUsed:      149880 kB
VmallocChunk:   34359585148 kB
HardwareCorrupted:     0 kB
AnonHugePages:         0 kB
HugePages_Total:       0
HugePages_Free:        0
HugePages_Rsvd:        0
HugePages_Surp:        0
Hugepagesize:       2048 kB
DirectMap4k:      514048 kB
DirectMap2M:     9758720 kB
DirectMap1G:     6291456 kB


CPU:total 4 (4 cores per cpu, 1 threads per core) family 6 model 60 stepping 3, cmov, cx8, fxsr, mmx, sse, sse2, sse3, ssse3, sse4.1, sse4.2, popcnt, avx, avx2, aes, erms, tsc, tscinvbit

/proc/cpuinfo:
processor	: 0
vendor_id	: GenuineIntel
cpu family	: 6
model		: 60
model name	: Intel(R) Core(TM) i5-4570 CPU @ 3.20GHz
stepping	: 3
microcode	: 0x9
cpu MHz		: 800.000
cache size	: 6144 KB
physical id	: 0
siblings	: 4
core id		: 0
cpu cores	: 4
apicid		: 0
initial apicid	: 0
fpu		: yes
fpu_exception	: yes
cpuid level	: 13
wp		: yes
flags		: fpu vme de pse tsc msr pae mce cx8 apic sep mtrr pge mca cmov pat pse36 clflush dts acpi mmx fxsr sse sse2 ss ht tm pbe syscall nx pdpe1gb rdtscp lm constant_tsc arch_perfmon pebs bts rep_good nopl xtopology nonstop_tsc aperfmperf pni pclmulqdq dtes64 monitor ds_cpl vmx smx est tm2 ssse3 fma cx16 xtpr pdcm pcid sse4_1 sse4_2 x2apic movbe popcnt tsc_deadline_timer aes xsave avx f16c rdrand lahf_lm abm ida arat epb xsaveopt pln pts dtherm tpr_shadow vnmi flexpriority ept vpid fsgsbase bmi1 hle avx2 smep bmi2 erms invpcid rtm
bogomips	: 5388.02
clflush size	: 64
cache_alignment	: 64
address sizes	: 39 bits physical, 48 bits virtual
power management:

processor	: 1
vendor_id	: GenuineIntel
cpu family	: 6
model		: 60
model name	: Intel(R) Core(TM) i5-4570 CPU @ 3.20GHz
stepping	: 3
microcode	: 0x9
cpu MHz		: 2600.000
cache size	: 6144 KB
physical id	: 0
siblings	: 4
core id		: 1
cpu cores	: 4
apicid		: 2
initial apicid	: 2
fpu		: yes
fpu_exception	: yes
cpuid level	: 13
wp		: yes
flags		: fpu vme de pse tsc msr pae mce cx8 apic sep mtrr pge mca cmov pat pse36 clflush dts acpi mmx fxsr sse sse2 ss ht tm pbe syscall nx pdpe1gb rdtscp lm constant_tsc arch_perfmon pebs bts rep_good nopl xtopology nonstop_tsc aperfmperf pni pclmulqdq dtes64 monitor ds_cpl vmx smx est tm2 ssse3 fma cx16 xtpr pdcm pcid sse4_1 sse4_2 x2apic movbe popcnt tsc_deadline_timer aes xsave avx f16c rdrand lahf_lm abm ida arat epb xsaveopt pln pts dtherm tpr_shadow vnmi flexpriority ept vpid fsgsbase bmi1 hle avx2 smep bmi2 erms invpcid rtm
bogomips	: 5388.02
clflush size	: 64
cache_alignment	: 64
address sizes	: 39 bits physical, 48 bits virtual
power management:

processor	: 2
vendor_id	: GenuineIntel
cpu family	: 6
model		: 60
model name	: Intel(R) Core(TM) i5-4570 CPU @ 3.20GHz
stepping	: 3
microcode	: 0x9
cpu MHz		: 2701.000
cache size	: 6144 KB
physical id	: 0
siblings	: 4
core id		: 2
cpu cores	: 4
apicid		: 4
initial apicid	: 4
fpu		: yes
fpu_exception	: yes
cpuid level	: 13
wp		: yes
flags		: fpu vme de pse tsc msr pae mce cx8 apic sep mtrr pge mca cmov pat pse36 clflush dts acpi mmx fxsr sse sse2 ss ht tm pbe syscall nx pdpe1gb rdtscp lm constant_tsc arch_perfmon pebs bts rep_good nopl xtopology nonstop_tsc aperfmperf pni pclmulqdq dtes64 monitor ds_cpl vmx smx est tm2 ssse3 fma cx16 xtpr pdcm pcid sse4_1 sse4_2 x2apic movbe popcnt tsc_deadline_timer aes xsave avx f16c rdrand lahf_lm abm ida arat epb xsaveopt pln pts dtherm tpr_shadow vnmi flexpriority ept vpid fsgsbase bmi1 hle avx2 smep bmi2 erms invpcid rtm
bogomips	: 5388.02
clflush size	: 64
cache_alignment	: 64
address sizes	: 39 bits physical, 48 bits virtual
power management:

processor	: 3
vendor_id	: GenuineIntel
cpu family	: 6
model		: 60
model name	: Intel(R) Core(TM) i5-4570 CPU @ 3.20GHz
stepping	: 3
microcode	: 0x9
cpu MHz		: 2701.000
cache size	: 6144 KB
physical id	: 0
siblings	: 4
core id		: 3
cpu cores	: 4
apicid		: 6
initial apicid	: 6
fpu		: yes
fpu_exception	: yes
cpuid level	: 13
wp		: yes
flags		: fpu vme de pse tsc msr pae mce cx8 apic sep mtrr pge mca cmov pat pse36 clflush dts acpi mmx fxsr sse sse2 ss ht tm pbe syscall nx pdpe1gb rdtscp lm constant_tsc arch_perfmon pebs bts rep_good nopl xtopology nonstop_tsc aperfmperf pni pclmulqdq dtes64 monitor ds_cpl vmx smx est tm2 ssse3 fma cx16 xtpr pdcm pcid sse4_1 sse4_2 x2apic movbe popcnt tsc_deadline_timer aes xsave avx f16c rdrand lahf_lm abm ida arat epb xsaveopt pln pts dtherm tpr_shadow vnmi flexpriority ept vpid fsgsbase bmi1 hle avx2 smep bmi2 erms invpcid rtm
bogomips	: 5388.02
clflush size	: 64
cache_alignment	: 64
address sizes	: 39 bits physical, 48 bits virtual
power management:



Memory: 4k page, physical 16216028k(7415320k free), swap 3145724k(3145724k free)

vm_info: Java HotSpot(TM) 64-Bit Server VM (24.45-b08) for linux-amd64 JRE (1.7.0_45-b18), built on Oct  8 2013 05:44:25 by "java_re" with gcc 4.3.0 20080428 (Red Hat 4.3.0-8)

time: Mon Nov 18 21:45:50 2013
elapsed time: 0 seconds

