#
# A fatal error has been detected by the Java Runtime Environment:
#
#  Internal Error (javaClasses.cpp:136), pid=17232, tid=139671836808960
#  fatal error: Invalid layout of preloaded class
#
# JRE version:  (7.0_45-b18) (build )
# Java VM: Java HotSpot(TM) 64-Bit Server VM (24.45-b08 mixed mode linux-amd64 compressed oops)
# Failed to write core dump. Core dumps have been disabled. To enable core dumping, try "ulimit -c unlimited" before starting Java again
#
# If you would like to submit a bug report, please visit:
#   http://bugreport.sun.com/bugreport/crash.jsp
#

---------------  T H R E A D  ---------------

Current thread (0x00007f07dc00c000):  JavaThread "Unknown thread" [_thread_in_vm, id=17234, stack(0x00007f07e227d000,0x00007f07e237e000)]

Stack: [0x00007f07e227d000,0x00007f07e237e000],  sp=0x00007f07e237c7c0,  free space=1021k
Native frames: (J=compiled Java code, j=interpreted, Vv=VM code, C=native code)
V  [libjvm.so+0x992c8a]  VMError::report_and_die()+0x2ea
V  [libjvm.so+0x493559]  report_fatal(char const*, int, char const*)+0x59
V  [libjvm.so+0x5fdd00]  compute_offset(int&, klassOopDesc*, Symbol*, Symbol*, bool)+0x140
V  [libjvm.so+0x5fe819]  java_lang_String::compute_offsets()+0x39
V  [libjvm.so+0x918f55]  SystemDictionary::initialize_preloaded_classes(Thread*)+0x1a5
V  [libjvm.so+0x967c94]  Universe::genesis(Thread*)+0x494
V  [libjvm.so+0x968149]  universe2_init()+0x29
V  [libjvm.so+0x5a969d]  init_globals()+0xbd
V  [libjvm.so+0x94ed1d]  Threads::create_vm(JavaVMInitArgs*, bool*)+0x1ed
V  [libjvm.so+0x630804]  JNI_CreateJavaVM+0x74
C  [libjli.so+0x2f8e]  JavaMain+0x9e


---------------  P R O C E S S  ---------------

Java Threads: ( => current thread )

Other Threads:

=>0x00007f07dc00c000 (exited) JavaThread "Unknown thread" [_thread_in_vm, id=17234, stack(0x00007f07e227d000,0x00007f07e237e000)]

VM state:not at safepoint (not fully initialized)

VM Mutex/Monitor currently owned by a thread: None

GC Heap History (0 events):
No events

Deoptimization events (0 events):
No events

Internal exceptions (0 events):
No events

Events (10 events):
Event: 0.033 loading class 0x00007f07d606e6f0 done
Event: 0.033 loading class 0x00007f07d606e110 done
Event: 0.033 loading class 0x00007f07d606e0f0
Event: 0.033 loading class 0x00007f07d60761f0
Event: 0.033 loading class 0x00007f07d60761f0 done
Event: 0.033 loading class 0x00007f07d6076220
Event: 0.033 loading class 0x00007f07d6076220 done
Event: 0.033 loading class 0x00007f07d6076250
Event: 0.033 loading class 0x00007f07d6076250 done
Event: 0.033 loading class 0x00007f07d606e0f0 done


Dynamic libraries:
00400000-00401000 r-xp 00000000 08:03 173142                             /usr/lib/jvm/java-7-oracle/bin/java
00600000-00601000 rw-p 00000000 08:03 173142                             /usr/lib/jvm/java-7-oracle/bin/java
0217e000-0219f000 rw-p 00000000 00:00 0                                  [heap]
703600000-704b00000 rw-p 00000000 00:00 0 
704b00000-708800000 rw-p 00000000 00:00 0 
708800000-712d00000 rw-p 00000000 00:00 0 
712d00000-7ad800000 rw-p 00000000 00:00 0 
7ad800000-7b2a80000 rw-p 00000000 00:00 0 
7b2a80000-800000000 rw-p 00000000 00:00 0 
7f07b01b0000-7f07b8000000 rw-p 00000000 00:00 0 
7f07b8000000-7f07b8021000 rw-p 00000000 00:00 0 
7f07b8021000-7f07bc000000 ---p 00000000 00:00 0 
7f07c0000000-7f07c0021000 rw-p 00000000 00:00 0 
7f07c0021000-7f07c4000000 ---p 00000000 00:00 0 
7f07c8000000-7f07c8021000 rw-p 00000000 00:00 0 
7f07c8021000-7f07cc000000 ---p 00000000 00:00 0 
7f07d0000000-7f07d0021000 rw-p 00000000 00:00 0 
7f07d0021000-7f07d4000000 ---p 00000000 00:00 0 
7f07d5cb5000-7f07d5f21000 rw-p 00000000 00:00 0 
7f07d5f21000-7f07d5ff8000 r--s 013f2000 08:04 21370138                   /home/hack/my_zone/app/adt-bundle-linux-x86_64-20131030/sdk/platforms/android-19/android.jar
7f07d5ff8000-7f07d6925000 rw-p 00000000 00:00 0 
7f07d6925000-7f07d6926000 ---p 00000000 00:00 0 
7f07d6926000-7f07d6a26000 rw-p 00000000 00:00 0                          [stack:17243]
7f07d6a26000-7f07d6a27000 ---p 00000000 00:00 0 
7f07d6a27000-7f07d6b27000 rw-p 00000000 00:00 0                          [stack:17242]
7f07d6b27000-7f07d6b28000 ---p 00000000 00:00 0 
7f07d6b28000-7f07d6c28000 rw-p 00000000 00:00 0                          [stack:17241]
7f07d6c28000-7f07d6c29000 ---p 00000000 00:00 0 
7f07d6c29000-7f07d6d34000 rw-p 00000000 00:00 0                          [stack:17240]
7f07d6d34000-7f07d6d52000 rw-p 00000000 00:00 0 
7f07d6d52000-7f07d6da5000 rw-p 00000000 00:00 0 
7f07d6da5000-7f07d727a000 rw-p 00000000 00:00 0 
7f07d727a000-7f07d7285000 rw-p 00000000 00:00 0 
7f07d7285000-7f07d72a3000 rw-p 00000000 00:00 0 
7f07d72a3000-7f07d72f6000 rw-p 00000000 00:00 0 
7f07d72f6000-7f07d77cb000 rw-p 00000000 00:00 0 
7f07d77cb000-7f07d77f5000 rw-p 00000000 00:00 0 
7f07d77f5000-7f07d7a5f000 rw-p 00000000 00:00 0 
7f07d7a5f000-7f07d7a60000 rw-p 00000000 00:00 0 
7f07d7a60000-7f07d7cd0000 rwxp 00000000 00:00 0 
7f07d7cd0000-7f07daa60000 rw-p 00000000 00:00 0 
7f07daa60000-7f07daa7a000 r-xp 00000000 08:03 174360                     /usr/lib/jvm/java-7-oracle/jre/lib/amd64/libzip.so
7f07daa7a000-7f07dac7a000 ---p 0001a000 08:03 174360                     /usr/lib/jvm/java-7-oracle/jre/lib/amd64/libzip.so
7f07dac7a000-7f07dac7b000 rw-p 0001a000 08:03 174360                     /usr/lib/jvm/java-7-oracle/jre/lib/amd64/libzip.so
7f07dac7b000-7f07dac87000 r-xp 00000000 08:03 427997                     /lib/x86_64-linux-gnu/libnss_files-2.15.so
7f07dac87000-7f07dae86000 ---p 0000c000 08:03 427997                     /lib/x86_64-linux-gnu/libnss_files-2.15.so
7f07dae86000-7f07dae87000 r--p 0000b000 08:03 427997                     /lib/x86_64-linux-gnu/libnss_files-2.15.so
7f07dae87000-7f07dae88000 rw-p 0000c000 08:03 427997                     /lib/x86_64-linux-gnu/libnss_files-2.15.so
7f07dae88000-7f07dae92000 r-xp 00000000 08:03 429049                     /lib/x86_64-linux-gnu/libnss_nis-2.15.so
7f07dae92000-7f07db092000 ---p 0000a000 08:03 429049                     /lib/x86_64-linux-gnu/libnss_nis-2.15.so
7f07db092000-7f07db093000 r--p 0000a000 08:03 429049                     /lib/x86_64-linux-gnu/libnss_nis-2.15.so
7f07db093000-7f07db094000 rw-p 0000b000 08:03 429049                     /lib/x86_64-linux-gnu/libnss_nis-2.15.so
7f07db094000-7f07db0ab000 r-xp 00000000 08:03 432978                     /lib/x86_64-linux-gnu/libnsl-2.15.so
7f07db0ab000-7f07db2aa000 ---p 00017000 08:03 432978                     /lib/x86_64-linux-gnu/libnsl-2.15.so
7f07db2aa000-7f07db2ab000 r--p 00016000 08:03 432978                     /lib/x86_64-linux-gnu/libnsl-2.15.so
7f07db2ab000-7f07db2ac000 rw-p 00017000 08:03 432978                     /lib/x86_64-linux-gnu/libnsl-2.15.so
7f07db2ac000-7f07db2ae000 rw-p 00000000 00:00 0 
7f07db2ae000-7f07db2b6000 r-xp 00000000 08:03 427995                     /lib/x86_64-linux-gnu/libnss_compat-2.15.so
7f07db2b6000-7f07db4b5000 ---p 00008000 08:03 427995                     /lib/x86_64-linux-gnu/libnss_compat-2.15.so
7f07db4b5000-7f07db4b6000 r--p 00007000 08:03 427995                     /lib/x86_64-linux-gnu/libnss_compat-2.15.so
7f07db4b6000-7f07db4b7000 rw-p 00008000 08:03 427995                     /lib/x86_64-linux-gnu/libnss_compat-2.15.so
7f07db4b7000-7f07dbb9a000 r--p 00000000 08:03 139894                     /usr/lib/locale/locale-archive
7f07dbb9a000-7f07dbbd3000 r-xp 00000000 08:03 174355                     /usr/lib/jvm/java-7-oracle/jre/lib/amd64/libjdwp.so
7f07dbbd3000-7f07dbdd3000 ---p 00039000 08:03 174355                     /usr/lib/jvm/java-7-oracle/jre/lib/amd64/libjdwp.so
7f07dbdd3000-7f07dbdd4000 rw-p 00039000 08:03 174355                     /usr/lib/jvm/java-7-oracle/jre/lib/amd64/libjdwp.so
7f07dbdd4000-7f07dbdd5000 rw-p 00000000 00:00 0 
7f07dbdd5000-7f07dbdfe000 r-xp 00000000 08:03 174356                     /usr/lib/jvm/java-7-oracle/jre/lib/amd64/libjava.so
7f07dbdfe000-7f07dbffe000 ---p 00029000 08:03 174356                     /usr/lib/jvm/java-7-oracle/jre/lib/amd64/libjava.so
7f07dbffe000-7f07dc000000 rw-p 00029000 08:03 174356                     /usr/lib/jvm/java-7-oracle/jre/lib/amd64/libjava.so
7f07dc000000-7f07dc057000 rw-p 00000000 00:00 0 
7f07dc057000-7f07e0000000 ---p 00000000 00:00 0 
7f07e000b000-7f07e000e000 r-xp 00000000 08:03 174378                     /usr/lib/jvm/java-7-oracle/jre/lib/amd64/libnpt.so
7f07e000e000-7f07e020d000 ---p 00003000 08:03 174378                     /usr/lib/jvm/java-7-oracle/jre/lib/amd64/libnpt.so
7f07e020d000-7f07e020e000 rw-p 00002000 08:03 174378                     /usr/lib/jvm/java-7-oracle/jre/lib/amd64/libnpt.so
7f07e020e000-7f07e021b000 r-xp 00000000 08:03 174349                     /usr/lib/jvm/java-7-oracle/jre/lib/amd64/libverify.so
7f07e021b000-7f07e041a000 ---p 0000d000 08:03 174349                     /usr/lib/jvm/java-7-oracle/jre/lib/amd64/libverify.so
7f07e041a000-7f07e041c000 rw-p 0000c000 08:03 174349                     /usr/lib/jvm/java-7-oracle/jre/lib/amd64/libverify.so
7f07e041c000-7f07e0423000 r-xp 00000000 08:03 428000                     /lib/x86_64-linux-gnu/librt-2.15.so
7f07e0423000-7f07e0622000 ---p 00007000 08:03 428000                     /lib/x86_64-linux-gnu/librt-2.15.so
7f07e0622000-7f07e0623000 r--p 00006000 08:03 428000                     /lib/x86_64-linux-gnu/librt-2.15.so
7f07e0623000-7f07e0624000 rw-p 00007000 08:03 428000                     /lib/x86_64-linux-gnu/librt-2.15.so
7f07e0624000-7f07e071f000 r-xp 00000000 08:03 429052                     /lib/x86_64-linux-gnu/libm-2.15.so
7f07e071f000-7f07e091e000 ---p 000fb000 08:03 429052                     /lib/x86_64-linux-gnu/libm-2.15.so
7f07e091e000-7f07e091f000 r--p 000fa000 08:03 429052                     /lib/x86_64-linux-gnu/libm-2.15.so
7f07e091f000-7f07e0920000 rw-p 000fb000 08:03 429052                     /lib/x86_64-linux-gnu/libm-2.15.so
7f07e0920000-7f07e1482000 r-xp 00000000 08:03 305306                     /usr/lib/jvm/java-7-oracle/jre/lib/amd64/server/libjvm.so
7f07e1482000-7f07e1682000 ---p 00b62000 08:03 305306                     /usr/lib/jvm/java-7-oracle/jre/lib/amd64/server/libjvm.so
7f07e1682000-7f07e1745000 rw-p 00b62000 08:03 305306                     /usr/lib/jvm/java-7-oracle/jre/lib/amd64/server/libjvm.so
7f07e1745000-7f07e1786000 rw-p 00000000 00:00 0 
7f07e1786000-7f07e193b000 r-xp 00000000 08:03 427866                     /lib/x86_64-linux-gnu/libc-2.15.so
7f07e193b000-7f07e1b3b000 ---p 001b5000 08:03 427866                     /lib/x86_64-linux-gnu/libc-2.15.so
7f07e1b3b000-7f07e1b3f000 r--p 001b5000 08:03 427866                     /lib/x86_64-linux-gnu/libc-2.15.so
7f07e1b3f000-7f07e1b41000 rw-p 001b9000 08:03 427866                     /lib/x86_64-linux-gnu/libc-2.15.so
7f07e1b41000-7f07e1b46000 rw-p 00000000 00:00 0 
7f07e1b46000-7f07e1b48000 r-xp 00000000 08:03 429056                     /lib/x86_64-linux-gnu/libdl-2.15.so
7f07e1b48000-7f07e1d48000 ---p 00002000 08:03 429056                     /lib/x86_64-linux-gnu/libdl-2.15.so
7f07e1d48000-7f07e1d49000 r--p 00002000 08:03 429056                     /lib/x86_64-linux-gnu/libdl-2.15.so
7f07e1d49000-7f07e1d4a000 rw-p 00003000 08:03 429056                     /lib/x86_64-linux-gnu/libdl-2.15.so
7f07e1d4a000-7f07e1d60000 r-xp 00000000 08:03 173593                     /usr/lib/jvm/java-7-oracle/lib/amd64/jli/libjli.so
7f07e1d60000-7f07e1f60000 ---p 00016000 08:03 173593                     /usr/lib/jvm/java-7-oracle/lib/amd64/jli/libjli.so
7f07e1f60000-7f07e1f61000 rw-p 00016000 08:03 173593                     /usr/lib/jvm/java-7-oracle/lib/amd64/jli/libjli.so
7f07e1f61000-7f07e1f79000 r-xp 00000000 08:03 429050                     /lib/x86_64-linux-gnu/libpthread-2.15.so
7f07e1f79000-7f07e2178000 ---p 00018000 08:03 429050                     /lib/x86_64-linux-gnu/libpthread-2.15.so
7f07e2178000-7f07e2179000 r--p 00017000 08:03 429050                     /lib/x86_64-linux-gnu/libpthread-2.15.so
7f07e2179000-7f07e217a000 rw-p 00018000 08:03 429050                     /lib/x86_64-linux-gnu/libpthread-2.15.so
7f07e217a000-7f07e217e000 rw-p 00000000 00:00 0 
7f07e217e000-7f07e21a0000 r-xp 00000000 08:03 429053                     /lib/x86_64-linux-gnu/ld-2.15.so
7f07e21bd000-7f07e21c7000 rw-p 00000000 00:00 0 
7f07e21c7000-7f07e227d000 rw-p 00000000 00:00 0 
7f07e227d000-7f07e2280000 ---p 00000000 00:00 0 
7f07e2280000-7f07e2382000 rw-p 00000000 00:00 0                          [stack:17234]
7f07e2392000-7f07e2394000 rw-p 00000000 00:00 0 
7f07e2394000-7f07e239c000 rw-s 00000000 08:03 433687                     /tmp/hsperfdata_hack/17232
7f07e239c000-7f07e239d000 rw-p 00000000 00:00 0 
7f07e239d000-7f07e239e000 r--p 00000000 00:00 0 
7f07e239e000-7f07e23a0000 rw-p 00000000 00:00 0 
7f07e23a0000-7f07e23a1000 r--p 00022000 08:03 429053                     /lib/x86_64-linux-gnu/ld-2.15.so
7f07e23a1000-7f07e23a3000 rw-p 00023000 08:03 429053                     /lib/x86_64-linux-gnu/ld-2.15.so
7fffd9966000-7fffd9987000 rw-p 00000000 00:00 0                          [stack]
7fffd99fe000-7fffd9a00000 r-xp 00000000 00:00 0                          [vdso]
ffffffffff600000-ffffffffff601000 r-xp 00000000 00:00 0                  [vsyscall]

VM Arguments:
jvm_args: -agentlib:jdwp=transport=dt_socket,suspend=y,address=localhost:56501 -Dfile.encoding=UTF-8 -Xbootclasspath:/home/hack/my_zone/app/adt-bundle-linux-x86_64-20131030/sdk/platforms/android-19/android.jar 
java_command: br.ufc.mdcc.mpos.net.service.DefaultServiceController
Launcher Type: SUN_STANDARD

Environment Variables:
PATH=/usr/lib/lightdm/lightdm:/usr/local/sbin:/usr/local/bin:/usr/sbin:/usr/bin:/sbin:/bin:/usr/games
SHELL=/bin/bash
DISPLAY=:0.0

Signal Handlers:
SIGSEGV: [libjvm.so+0x9935b0], sa_mask[0]=0x7ffbfeff, sa_flags=0x10000004
SIGBUS: [libjvm.so+0x9935b0], sa_mask[0]=0x7ffbfeff, sa_flags=0x10000004
SIGFPE: [libjvm.so+0x810330], sa_mask[0]=0x7ffbfeff, sa_flags=0x10000004
SIGPIPE: [libjvm.so+0x810330], sa_mask[0]=0x7ffbfeff, sa_flags=0x10000004
SIGXFSZ: [libjvm.so+0x810330], sa_mask[0]=0x7ffbfeff, sa_flags=0x10000004
SIGILL: [libjvm.so+0x810330], sa_mask[0]=0x7ffbfeff, sa_flags=0x10000004
SIGUSR1: SIG_DFL, sa_mask[0]=0x00000000, sa_flags=0x00000000
SIGUSR2: [libjvm.so+0x811820], sa_mask[0]=0x00000004, sa_flags=0x10000004
SIGHUP: SIG_DFL, sa_mask[0]=0x00000000, sa_flags=0x00000000
SIGINT: SIG_DFL, sa_mask[0]=0x00000000, sa_flags=0x00000000
SIGTERM: SIG_DFL, sa_mask[0]=0x00000000, sa_flags=0x00000000
SIGQUIT: SIG_DFL, sa_mask[0]=0x00000000, sa_flags=0x00000000


---------------  S Y S T E M  ---------------

OS:wheezy/sid

uname:Linux 3.8.0-34-generic #49~precise1-Ubuntu SMP Wed Nov 13 18:05:00 UTC 2013 x86_64
libc:glibc 2.15 NPTL 2.15 
rlimit: STACK 8192k, CORE 0k, NPROC 126537, NOFILE 4096, AS infinity
load average:0.65 0.69 0.70

/proc/meminfo:
MemTotal:       16215748 kB
MemFree:         6454688 kB
Buffers:          317136 kB
Cached:          5484012 kB
SwapCached:            0 kB
Active:          5628068 kB
Inactive:        3574148 kB
Active(anon):    3402444 kB
Inactive(anon):    11364 kB
Active(file):    2225624 kB
Inactive(file):  3562784 kB
Unevictable:          84 kB
Mlocked:              84 kB
SwapTotal:             0 kB
SwapFree:              0 kB
Dirty:              1832 kB
Writeback:             0 kB
AnonPages:       3401796 kB
Mapped:           310660 kB
Shmem:             12508 kB
Slab:             317712 kB
SReclaimable:     277012 kB
SUnreclaim:        40700 kB
KernelStack:        5368 kB
PageTables:        51684 kB
NFS_Unstable:          0 kB
Bounce:                0 kB
WritebackTmp:          0 kB
CommitLimit:     8107872 kB
Committed_AS:    7783492 kB
VmallocTotal:   34359738367 kB
VmallocUsed:      138600 kB
VmallocChunk:   34359590908 kB
HardwareCorrupted:     0 kB
AnonHugePages:         0 kB
HugePages_Total:       0
HugePages_Free:        0
HugePages_Rsvd:        0
HugePages_Surp:        0
Hugepagesize:       2048 kB
DirectMap4k:      677888 kB
DirectMap2M:    10643456 kB
DirectMap1G:     5242880 kB


CPU:total 4 (4 cores per cpu, 1 threads per core) family 6 model 60 stepping 3, cmov, cx8, fxsr, mmx, sse, sse2, sse3, ssse3, sse4.1, sse4.2, popcnt, avx, avx2, aes, erms, tsc, tscinvbit

/proc/cpuinfo:
processor	: 0
vendor_id	: GenuineIntel
cpu family	: 6
model		: 60
model name	: Intel(R) Core(TM) i5-4570 CPU @ 3.20GHz
stepping	: 3
microcode	: 0x9
cpu MHz		: 2701.000
cache size	: 6144 KB
physical id	: 0
siblings	: 4
core id		: 0
cpu cores	: 4
apicid		: 0
initial apicid	: 0
fpu		: yes
fpu_exception	: yes
cpuid level	: 13
wp		: yes
flags		: fpu vme de pse tsc msr pae mce cx8 apic sep mtrr pge mca cmov pat pse36 clflush dts acpi mmx fxsr sse sse2 ss ht tm pbe syscall nx pdpe1gb rdtscp lm constant_tsc arch_perfmon pebs bts rep_good nopl xtopology nonstop_tsc aperfmperf eagerfpu pni pclmulqdq dtes64 monitor ds_cpl vmx smx est tm2 ssse3 fma cx16 xtpr pdcm pcid sse4_1 sse4_2 x2apic movbe popcnt tsc_deadline_timer aes xsave avx f16c rdrand lahf_lm abm ida arat epb xsaveopt pln pts dtherm tpr_shadow vnmi flexpriority ept vpid fsgsbase tsc_adjust bmi1 hle avx2 smep bmi2 erms invpcid rtm
bogomips	: 5387.71
clflush size	: 64
cache_alignment	: 64
address sizes	: 39 bits physical, 48 bits virtual
power management:

processor	: 1
vendor_id	: GenuineIntel
cpu family	: 6
model		: 60
model name	: Intel(R) Core(TM) i5-4570 CPU @ 3.20GHz
stepping	: 3
microcode	: 0x9
cpu MHz		: 2701.000
cache size	: 6144 KB
physical id	: 0
siblings	: 4
core id		: 1
cpu cores	: 4
apicid		: 2
initial apicid	: 2
fpu		: yes
fpu_exception	: yes
cpuid level	: 13
wp		: yes
flags		: fpu vme de pse tsc msr pae mce cx8 apic sep mtrr pge mca cmov pat pse36 clflush dts acpi mmx fxsr sse sse2 ss ht tm pbe syscall nx pdpe1gb rdtscp lm constant_tsc arch_perfmon pebs bts rep_good nopl xtopology nonstop_tsc aperfmperf eagerfpu pni pclmulqdq dtes64 monitor ds_cpl vmx smx est tm2 ssse3 fma cx16 xtpr pdcm pcid sse4_1 sse4_2 x2apic movbe popcnt tsc_deadline_timer aes xsave avx f16c rdrand lahf_lm abm ida arat epb xsaveopt pln pts dtherm tpr_shadow vnmi flexpriority ept vpid fsgsbase tsc_adjust bmi1 hle avx2 smep bmi2 erms invpcid rtm
bogomips	: 5387.71
clflush size	: 64
cache_alignment	: 64
address sizes	: 39 bits physical, 48 bits virtual
power management:

processor	: 2
vendor_id	: GenuineIntel
cpu family	: 6
model		: 60
model name	: Intel(R) Core(TM) i5-4570 CPU @ 3.20GHz
stepping	: 3
microcode	: 0x9
cpu MHz		: 2701.000
cache size	: 6144 KB
physical id	: 0
siblings	: 4
core id		: 2
cpu cores	: 4
apicid		: 4
initial apicid	: 4
fpu		: yes
fpu_exception	: yes
cpuid level	: 13
wp		: yes
flags		: fpu vme de pse tsc msr pae mce cx8 apic sep mtrr pge mca cmov pat pse36 clflush dts acpi mmx fxsr sse sse2 ss ht tm pbe syscall nx pdpe1gb rdtscp lm constant_tsc arch_perfmon pebs bts rep_good nopl xtopology nonstop_tsc aperfmperf eagerfpu pni pclmulqdq dtes64 monitor ds_cpl vmx smx est tm2 ssse3 fma cx16 xtpr pdcm pcid sse4_1 sse4_2 x2apic movbe popcnt tsc_deadline_timer aes xsave avx f16c rdrand lahf_lm abm ida arat epb xsaveopt pln pts dtherm tpr_shadow vnmi flexpriority ept vpid fsgsbase tsc_adjust bmi1 hle avx2 smep bmi2 erms invpcid rtm
bogomips	: 5387.71
clflush size	: 64
cache_alignment	: 64
address sizes	: 39 bits physical, 48 bits virtual
power management:

processor	: 3
vendor_id	: GenuineIntel
cpu family	: 6
model		: 60
model name	: Intel(R) Core(TM) i5-4570 CPU @ 3.20GHz
stepping	: 3
microcode	: 0x9
cpu MHz		: 2701.000
cache size	: 6144 KB
physical id	: 0
siblings	: 4
core id		: 3
cpu cores	: 4
apicid		: 6
initial apicid	: 6
fpu		: yes
fpu_exception	: yes
cpuid level	: 13
wp		: yes
flags		: fpu vme de pse tsc msr pae mce cx8 apic sep mtrr pge mca cmov pat pse36 clflush dts acpi mmx fxsr sse sse2 ss ht tm pbe syscall nx pdpe1gb rdtscp lm constant_tsc arch_perfmon pebs bts rep_good nopl xtopology nonstop_tsc aperfmperf eagerfpu pni pclmulqdq dtes64 monitor ds_cpl vmx smx est tm2 ssse3 fma cx16 xtpr pdcm pcid sse4_1 sse4_2 x2apic movbe popcnt tsc_deadline_timer aes xsave avx f16c rdrand lahf_lm abm ida arat epb xsaveopt pln pts dtherm tpr_shadow vnmi flexpriority ept vpid fsgsbase tsc_adjust bmi1 hle avx2 smep bmi2 erms invpcid rtm
bogomips	: 5387.71
clflush size	: 64
cache_alignment	: 64
address sizes	: 39 bits physical, 48 bits virtual
power management:



Memory: 4k page, physical 16215748k(6454688k free), swap 0k(0k free)

vm_info: Java HotSpot(TM) 64-Bit Server VM (24.45-b08) for linux-amd64 JRE (1.7.0_45-b18), built on Oct  8 2013 05:44:25 by "java_re" with gcc 4.3.0 20080428 (Red Hat 4.3.0-8)

time: Thu Dec 19 23:06:39 2013
elapsed time: 0 seconds

